\BOOKMARK [1][-]{section.1}{Introduction}{}% 1
\BOOKMARK [1][-]{section.2}{Data Preprocessing}{}% 2
\BOOKMARK [2][-]{subsection.2.1}{Data Preview}{section.2}% 3
\BOOKMARK [2][-]{subsection.2.2}{Data Cleaning}{section.2}% 4
\BOOKMARK [1][-]{section.3}{Relational Database}{}% 5
\BOOKMARK [2][-]{subsection.3.1}{Design}{section.3}% 6
\BOOKMARK [2][-]{subsection.3.2}{Dumping Data}{section.3}% 7
\BOOKMARK [1][-]{section.4}{Server and Client}{}% 8
\BOOKMARK [2][-]{subsection.4.1}{API}{section.4}% 9
\BOOKMARK [3][-]{subsubsection.4.1.1}{Login}{subsection.4.1}% 10
\BOOKMARK [3][-]{subsubsection.4.1.2}{Register}{subsection.4.1}% 11
\BOOKMARK [3][-]{subsubsection.4.1.3}{Star/Unstar}{subsection.4.1}% 12
\BOOKMARK [3][-]{subsubsection.4.1.4}{Get all Starred Reviews}{subsection.4.1}% 13
\BOOKMARK [3][-]{subsubsection.4.1.5}{New Review}{subsection.4.1}% 14
\BOOKMARK [3][-]{subsubsection.4.1.6}{Follow/Unfollow a User}{subsection.4.1}% 15
\BOOKMARK [3][-]{subsubsection.4.1.7}{Follow/Unfollow a Business}{subsection.4.1}% 16
\BOOKMARK [3][-]{subsubsection.4.1.8}{Get All New Reviews1}{subsection.4.1}% 17
\BOOKMARK [3][-]{subsubsection.4.1.9}{Get All New Reviews2}{subsection.4.1}% 18
\BOOKMARK [3][-]{subsubsection.4.1.10}{My Reviews}{subsection.4.1}% 19
\BOOKMARK [3][-]{subsubsection.4.1.11}{Followed Users}{subsection.4.1}% 20
\BOOKMARK [3][-]{subsubsection.4.1.12}{Followed Business}{subsection.4.1}% 21
\BOOKMARK [3][-]{subsubsection.4.1.13}{Delete Review}{subsection.4.1}% 22
\BOOKMARK [3][-]{subsubsection.4.1.14}{Change username}{subsection.4.1}% 23
\BOOKMARK [3][-]{subsubsection.4.1.15}{Who Am I}{subsection.4.1}% 24
\BOOKMARK [3][-]{subsubsection.4.1.16}{Reset}{subsection.4.1}% 25
\BOOKMARK [2][-]{subsection.4.2}{Client}{section.4}% 26
\BOOKMARK [1][-]{section.5}{Data Mining}{}% 27
\BOOKMARK [2][-]{subsection.5.1}{Data Visualization}{section.5}% 28
\BOOKMARK [3][-]{subsubsection.5.1.1}{Top 20 Categories in Business}{subsection.5.1}% 29
\BOOKMARK [3][-]{subsubsection.5.1.2}{Top 50 Categories in Restaurants}{subsection.5.1}% 30
\BOOKMARK [3][-]{subsubsection.5.1.3}{Distribution of Business Score}{subsection.5.1}% 31
\BOOKMARK [3][-]{subsubsection.5.1.4}{Geographical Distribution of the Business}{subsection.5.1}% 32
\BOOKMARK [3][-]{subsubsection.5.1.5}{Distribution of Registered Users Over Time}{subsection.5.1}% 33
\BOOKMARK [3][-]{subsubsection.5.1.6}{User Satisfaction VS User Register Time}{subsection.5.1}% 34
\BOOKMARK [3][-]{subsubsection.5.1.7}{Comparison Between Normal Users and Elite Users}{subsection.5.1}% 35
\BOOKMARK [3][-]{subsubsection.5.1.8}{Distribution of the User Review Number}{subsection.5.1}% 36
\BOOKMARK [3][-]{subsubsection.5.1.9}{User Checkin Time for Each Day in a Week}{subsection.5.1}% 37
\BOOKMARK [3][-]{subsubsection.5.1.10}{Useful number VS Word Count in a Review}{subsection.5.1}% 38
\BOOKMARK [2][-]{subsection.5.2}{Classification}{section.5}% 39
\BOOKMARK [3][-]{subsubsection.5.2.1}{Classification without PCA}{subsection.5.2}% 40
\BOOKMARK [3][-]{subsubsection.5.2.2}{Classification with PCA}{subsection.5.2}% 41
